<?xml version="1.0" encoding="UTF-8"?>
<testng-results ignored="0" total="1" passed="1" failed="0" skipped="0">
  <reporter-output>
  </reporter-output>
  <suite started-at="2026-03-02T16:09:28Z" name="Default suite" finished-at="2026-03-02T16:09:37Z" duration-ms="9867">
    <groups>
    </groups>
    <test started-at="2026-03-02T16:09:28Z" name="Default test" finished-at="2026-03-02T16:09:37Z" duration-ms="9867">
      <class name="javaPackage.TestWebdriverManager">
        <test-method signature="a()[pri:0, instance:javaPackage.TestWebdriverManager@7c37508a]" started-at="2026-03-02T16:09:28Z" name="a" finished-at="2026-03-02T16:09:37Z" duration-ms="9818" status="PASS">
          <reporter-output>
          </reporter-output>
        </test-method> <!-- a -->
      </class> <!-- javaPackage.TestWebdriverManager -->
    </test> <!-- Default test -->
  </suite> <!-- Default suite -->
</testng-results>
